Flat profile:

Each sample counts as 0.01 seconds.
  %   cumulative   self              self     total           
 time   seconds   seconds    calls  ms/call  ms/call  name    
 93.02      0.40     0.40        1   400.00   400.00  binomial
  6.98      0.43     0.03        1    30.00    30.00  binomial_mem_aux
  0.00      0.43     0.00        1     0.00    30.00  binomial_mem
  0.00      0.43     0.00        1     0.00     0.00  binomial_ter
  0.00      0.43     0.00        1     0.00     0.00  binomial_ter_aux

			Call graph


granularity: each sample hit covers 4 byte(s) for 2.33% of 0.43 seconds

index % time    self  children    called     name
                                                 <spontaneous>
[1]    100.0    0.00    0.43                 main [1]
                0.40    0.00       1/1           binomial [2]
                0.00    0.03       1/1           binomial_mem [3]
                0.00    0.00       1/1           binomial_ter [5]
-----------------------------------------------
                             310235038             binomial [2]
                0.40    0.00       1/1           main [1]
[2]     93.0    0.40    0.00       1+310235038 binomial [2]
                             310235038             binomial [2]
-----------------------------------------------
                0.00    0.03       1/1           main [1]
[3]      7.0    0.00    0.03       1         binomial_mem [3]
                0.03    0.00       1/1           binomial_mem_aux [4]
-----------------------------------------------
                                 450             binomial_mem_aux [4]
                0.03    0.00       1/1           binomial_mem [3]
[4]      7.0    0.03    0.00       1+450     binomial_mem_aux [4]
                                 450             binomial_mem_aux [4]
-----------------------------------------------
                0.00    0.00       1/1           main [1]
[5]      0.0    0.00    0.00       1         binomial_ter [5]
                0.00    0.00       1/1           binomial_ter_aux [6]
-----------------------------------------------
                                  15             binomial_ter_aux [6]
                0.00    0.00       1/1           binomial_ter [5]
[6]      0.0    0.00    0.00       1+15      binomial_ter_aux [6]
                                  15             binomial_ter_aux [6]
-----------------------------------------------

Index by function name

   [2] binomial                [4] binomial_mem_aux        [6] binomial_ter_aux
   [3] binomial_mem            [5] binomial_ter
